<?xml version="1.0" encoding="UTF-8"?>
<testsuite name="com.challenge.meli.controller.ControllerTest" tests="1" skipped="0" failures="0" errors="0" timestamp="2020-10-15T16:45:43" hostname="JulianHome" time="0.131">
  <properties/>
  <testcase name="dnaTestForbidden()" classname="com.challenge.meli.controller.ControllerTest" time="0.131"/>
  <system-out><![CDATA[13:45:39.476 [Test worker] DEBUG org.springframework.test.context.BootstrapUtils - Instantiating CacheAwareContextLoaderDelegate from class [org.springframework.test.context.cache.DefaultCacheAwareContextLoaderDelegate]
13:45:39.494 [Test worker] DEBUG org.springframework.test.context.BootstrapUtils - Instantiating BootstrapContext using constructor [public org.springframework.test.context.support.DefaultBootstrapContext(java.lang.Class,org.springframework.test.context.CacheAwareContextLoaderDelegate)]
13:45:39.531 [Test worker] DEBUG org.springframework.test.context.BootstrapUtils - Instantiating TestContextBootstrapper for test class [com.challenge.meli.controller.ControllerTest] from class [org.springframework.boot.test.context.SpringBootTestContextBootstrapper]
13:45:39.548 [Test worker] INFO org.springframework.boot.test.context.SpringBootTestContextBootstrapper - Neither @ContextConfiguration nor @ContextHierarchy found for test class [com.challenge.meli.controller.ControllerTest], using SpringBootContextLoader
13:45:39.554 [Test worker] DEBUG org.springframework.test.context.support.AbstractContextLoader - Did not detect default resource location for test class [com.challenge.meli.controller.ControllerTest]: class path resource [com/challenge/meli/controller/ControllerTest-context.xml] does not exist
13:45:39.554 [Test worker] DEBUG org.springframework.test.context.support.AbstractContextLoader - Did not detect default resource location for test class [com.challenge.meli.controller.ControllerTest]: class path resource [com/challenge/meli/controller/ControllerTestContext.groovy] does not exist
13:45:39.554 [Test worker] INFO org.springframework.test.context.support.AbstractContextLoader - Could not detect default resource locations for test class [com.challenge.meli.controller.ControllerTest]: no resource found for suffixes {-context.xml, Context.groovy}.
13:45:39.555 [Test worker] INFO org.springframework.test.context.support.AnnotationConfigContextLoaderUtils - Could not detect default configuration classes for test class [com.challenge.meli.controller.ControllerTest]: ControllerTest does not declare any static, non-private, non-final, nested classes annotated with @Configuration.
13:45:39.610 [Test worker] DEBUG org.springframework.test.context.support.ActiveProfilesUtils - Could not find an 'annotation declaring class' for annotation type [org.springframework.test.context.ActiveProfiles] and class [com.challenge.meli.controller.ControllerTest]
13:45:39.699 [Test worker] DEBUG org.springframework.context.annotation.ClassPathScanningCandidateComponentProvider - Identified candidate component class: file [/home/julian/trabajosPracticos/meliChallenge/meli/meli/ChallengeML/build/classes/java/main/com/challenge/meli/MeliApplication.class]
13:45:39.700 [Test worker] INFO org.springframework.boot.test.context.SpringBootTestContextBootstrapper - Found @SpringBootConfiguration com.challenge.meli.MeliApplication for test class com.challenge.meli.controller.ControllerTest
13:45:39.807 [Test worker] DEBUG org.springframework.boot.test.context.SpringBootTestContextBootstrapper - @TestExecutionListeners is not present for class [com.challenge.meli.controller.ControllerTest]: using defaults.
13:45:39.807 [Test worker] INFO org.springframework.boot.test.context.SpringBootTestContextBootstrapper - Loaded default TestExecutionListener class names from location [META-INF/spring.factories]: [org.springframework.boot.test.autoconfigure.restdocs.RestDocsTestExecutionListener, org.springframework.boot.test.autoconfigure.web.client.MockRestServiceServerResetTestExecutionListener, org.springframework.boot.test.autoconfigure.web.servlet.MockMvcPrintOnlyOnFailureTestExecutionListener, org.springframework.boot.test.autoconfigure.web.servlet.WebDriverTestExecutionListener, org.springframework.boot.test.autoconfigure.webservices.client.MockWebServiceServerTestExecutionListener, org.springframework.boot.test.mock.mockito.MockitoTestExecutionListener, org.springframework.boot.test.mock.mockito.ResetMocksTestExecutionListener, org.springframework.test.context.web.ServletTestExecutionListener, org.springframework.test.context.support.DirtiesContextBeforeModesTestExecutionListener, org.springframework.test.context.support.DependencyInjectionTestExecutionListener, org.springframework.test.context.support.DirtiesContextTestExecutionListener, org.springframework.test.context.transaction.TransactionalTestExecutionListener, org.springframework.test.context.jdbc.SqlScriptsTestExecutionListener, org.springframework.test.context.event.EventPublishingTestExecutionListener]
13:45:39.825 [Test worker] INFO org.springframework.boot.test.context.SpringBootTestContextBootstrapper - Using TestExecutionListeners: [org.springframework.test.context.web.ServletTestExecutionListener@455e1e02, org.springframework.test.context.support.DirtiesContextBeforeModesTestExecutionListener@6d2879e9, org.springframework.boot.test.mock.mockito.MockitoTestExecutionListener@5efd0aa2, org.springframework.boot.test.autoconfigure.SpringBootDependencyInjectionTestExecutionListener@665a8e79, org.springframework.test.context.support.DirtiesContextTestExecutionListener@53c122be, org.springframework.test.context.transaction.TransactionalTestExecutionListener@7d88fe1e, org.springframework.test.context.jdbc.SqlScriptsTestExecutionListener@4b965317, org.springframework.test.context.event.EventPublishingTestExecutionListener@790d355a, org.springframework.boot.test.autoconfigure.restdocs.RestDocsTestExecutionListener@23832c17, org.springframework.boot.test.autoconfigure.web.client.MockRestServiceServerResetTestExecutionListener@19414e77, org.springframework.boot.test.autoconfigure.web.servlet.MockMvcPrintOnlyOnFailureTestExecutionListener@60b6a8a3, org.springframework.boot.test.autoconfigure.web.servlet.WebDriverTestExecutionListener@7081f60a, org.springframework.boot.test.autoconfigure.webservices.client.MockWebServiceServerTestExecutionListener@4ad88f99, org.springframework.boot.test.mock.mockito.ResetMocksTestExecutionListener@59f95243]
13:45:39.829 [Test worker] DEBUG org.springframework.test.context.support.AbstractDirtiesContextTestExecutionListener - Before test class: context [DefaultTestContext@72a2ee9e testClass = ControllerTest, testInstance = [null], testMethod = [null], testException = [null], mergedContextConfiguration = [WebMergedContextConfiguration@75b4d315 testClass = ControllerTest, locations = '{}', classes = '{class com.challenge.meli.MeliApplication}', contextInitializerClasses = '[]', activeProfiles = '{}', propertySourceLocations = '{}', propertySourceProperties = '{org.springframework.boot.test.context.SpringBootTestContextBootstrapper=true}', contextCustomizers = set[org.springframework.boot.test.autoconfigure.properties.PropertyMappingContextCustomizer@0, org.springframework.boot.test.autoconfigure.web.servlet.WebDriverContextCustomizerFactory$Customizer@22b19876, org.springframework.boot.test.context.filter.ExcludeFilterContextCustomizer@ed1422a, org.springframework.boot.test.json.DuplicateJsonObjectContextCustomizerFactory$DuplicateJsonObjectContextCustomizer@5a980d91, org.springframework.boot.test.mock.mockito.MockitoContextCustomizer@0, org.springframework.boot.test.web.client.TestRestTemplateContextCustomizer@51cf8e3, org.springframework.boot.test.context.SpringBootTestArgs@1], resourceBasePath = 'src/main/webapp', contextLoader = 'org.springframework.boot.test.context.SpringBootContextLoader', parent = [null]], attributes = map['org.springframework.test.context.web.ServletTestExecutionListener.activateListener' -> true]], class annotated with @DirtiesContext [false] with mode [null].
13:45:39.858 [Test worker] DEBUG org.springframework.test.context.support.TestPropertySourceUtils - Adding inlined properties to environment: {spring.jmx.enabled=false, org.springframework.boot.test.context.SpringBootTestContextBootstrapper=true}

  .   ____          _            __ _ _
 /\\ / ___'_ __ _ _(_)_ __  __ _ \ \ \ \
( ( )\___ | '_ | '_| | '_ \/ _` | \ \ \ \
 \\/  ___)| |_)| | | | | || (_| |  ) ) ) )
  '  |____| .__|_| |_|_| |_\__, | / / / /
 =========|_|==============|___/=/_/_/_/
 :: Spring Boot ::        (v2.3.4.RELEASE)

2020-10-15 13:45:40.244  INFO 9172 --- [    Test worker] c.c.meli.controller.ControllerTest       : Starting ControllerTest on JulianHome with PID 9172 (started by julian in /home/julian/trabajosPracticos/meliChallenge/meli/meli/ChallengeML)
2020-10-15 13:45:40.245  INFO 9172 --- [    Test worker] c.c.meli.controller.ControllerTest       : No active profile set, falling back to default profiles: default
2020-10-15 13:45:40.938  INFO 9172 --- [    Test worker] .s.d.r.c.RepositoryConfigurationDelegate : Bootstrapping Spring Data JPA repositories in DEFERRED mode.
2020-10-15 13:45:41.019  INFO 9172 --- [    Test worker] .s.d.r.c.RepositoryConfigurationDelegate : Finished Spring Data repository scanning in 71ms. Found 1 JPA repository interfaces.
2020-10-15 13:45:41.726  INFO 9172 --- [    Test worker] o.s.s.concurrent.ThreadPoolTaskExecutor  : Initializing ExecutorService 'applicationTaskExecutor'
2020-10-15 13:45:41.745  INFO 9172 --- [    Test worker] com.zaxxer.hikari.HikariDataSource       : HikariPool-1 - Starting...
2020-10-15 13:45:41.816  INFO 9172 --- [    Test worker] com.zaxxer.hikari.pool.PoolBase          : HikariPool-1 - Driver does not support get/set network timeout for connections. (Method org.postgresql.jdbc.PgConnection.getNetworkTimeout() is not yet implemented.)
2020-10-15 13:45:41.839  INFO 9172 --- [    Test worker] com.zaxxer.hikari.HikariDataSource       : HikariPool-1 - Start completed.
2020-10-15 13:45:41.933  INFO 9172 --- [         task-1] o.hibernate.jpa.internal.util.LogHelper  : HHH000204: Processing PersistenceUnitInfo [name: default]
2020-10-15 13:45:42.012  INFO 9172 --- [         task-1] org.hibernate.Version                    : HHH000412: Hibernate ORM core version 5.4.21.Final
2020-10-15 13:45:42.177  WARN 9172 --- [    Test worker] JpaBaseConfiguration$JpaWebConfiguration : spring.jpa.open-in-view is enabled by default. Therefore, database queries may be performed during view rendering. Explicitly configure spring.jpa.open-in-view to disable this warning
2020-10-15 13:45:42.210  INFO 9172 --- [         task-1] o.hibernate.annotations.common.Version   : HCANN000001: Hibernate Commons Annotations {5.1.0.Final}
2020-10-15 13:45:42.397  INFO 9172 --- [         task-1] org.hibernate.dialect.Dialect            : HHH000400: Using dialect: org.hibernate.dialect.PostgreSQL94Dialect
2020-10-15 13:45:42.866  INFO 9172 --- [    Test worker] DeferredRepositoryInitializationListener : Triggering deferred initialization of Spring Data repositories…
2020-10-15 13:45:43.327  INFO 9172 --- [         task-1] o.h.e.t.j.p.i.JtaPlatformInitiator       : HHH000490: Using JtaPlatform implementation: [org.hibernate.engine.transaction.jta.platform.internal.NoJtaPlatform]
2020-10-15 13:45:43.334  INFO 9172 --- [         task-1] j.LocalContainerEntityManagerFactoryBean : Initialized JPA EntityManagerFactory for persistence unit 'default'
2020-10-15 13:45:43.753  INFO 9172 --- [    Test worker] DeferredRepositoryInitializationListener : Spring Data repositories initialized!
2020-10-15 13:45:43.762  INFO 9172 --- [    Test worker] c.c.meli.controller.ControllerTest       : Started ControllerTest in 3.892 seconds (JVM running for 5.137)
]]></system-out>
  <system-err><![CDATA[]]></system-err>
</testsuite>
