<?xml version="1.0" encoding="UTF-8"?>
<testsuite name="com.challenge.meli.controller.ControllerTest" tests="1" skipped="0" failures="0" errors="0" timestamp="2020-10-15T23:29:00" hostname="JulianHome" time="0.134">
  <properties/>
  <testcase name="showStatsTest()" classname="com.challenge.meli.controller.ControllerTest" time="0.134"/>
  <system-out><![CDATA[20:28:58.061 [Test worker] DEBUG org.springframework.test.context.BootstrapUtils - Instantiating CacheAwareContextLoaderDelegate from class [org.springframework.test.context.cache.DefaultCacheAwareContextLoaderDelegate]
20:28:58.070 [Test worker] DEBUG org.springframework.test.context.BootstrapUtils - Instantiating BootstrapContext using constructor [public org.springframework.test.context.support.DefaultBootstrapContext(java.lang.Class,org.springframework.test.context.CacheAwareContextLoaderDelegate)]
20:28:58.091 [Test worker] DEBUG org.springframework.test.context.BootstrapUtils - Instantiating TestContextBootstrapper for test class [com.challenge.meli.controller.ControllerTest] from class [org.springframework.boot.test.context.SpringBootTestContextBootstrapper]
20:28:58.103 [Test worker] INFO org.springframework.boot.test.context.SpringBootTestContextBootstrapper - Neither @ContextConfiguration nor @ContextHierarchy found for test class [com.challenge.meli.controller.ControllerTest], using SpringBootContextLoader
20:28:58.106 [Test worker] DEBUG org.springframework.test.context.support.AbstractContextLoader - Did not detect default resource location for test class [com.challenge.meli.controller.ControllerTest]: class path resource [com/challenge/meli/controller/ControllerTest-context.xml] does not exist
20:28:58.106 [Test worker] DEBUG org.springframework.test.context.support.AbstractContextLoader - Did not detect default resource location for test class [com.challenge.meli.controller.ControllerTest]: class path resource [com/challenge/meli/controller/ControllerTestContext.groovy] does not exist
20:28:58.106 [Test worker] INFO org.springframework.test.context.support.AbstractContextLoader - Could not detect default resource locations for test class [com.challenge.meli.controller.ControllerTest]: no resource found for suffixes {-context.xml, Context.groovy}.
20:28:58.107 [Test worker] INFO org.springframework.test.context.support.AnnotationConfigContextLoaderUtils - Could not detect default configuration classes for test class [com.challenge.meli.controller.ControllerTest]: ControllerTest does not declare any static, non-private, non-final, nested classes annotated with @Configuration.
20:28:58.141 [Test worker] DEBUG org.springframework.test.context.support.ActiveProfilesUtils - Could not find an 'annotation declaring class' for annotation type [org.springframework.test.context.ActiveProfiles] and class [com.challenge.meli.controller.ControllerTest]
20:28:58.209 [Test worker] DEBUG org.springframework.context.annotation.ClassPathScanningCandidateComponentProvider - Identified candidate component class: file [/home/julian/trabajosPracticos/meliChallenge/meli/meli/ChallengeML/build/classes/java/main/com/challenge/meli/MeliApplication.class]
20:28:58.210 [Test worker] INFO org.springframework.boot.test.context.SpringBootTestContextBootstrapper - Found @SpringBootConfiguration com.challenge.meli.MeliApplication for test class com.challenge.meli.controller.ControllerTest
20:28:58.282 [Test worker] DEBUG org.springframework.boot.test.context.SpringBootTestContextBootstrapper - @TestExecutionListeners is not present for class [com.challenge.meli.controller.ControllerTest]: using defaults.
20:28:58.282 [Test worker] INFO org.springframework.boot.test.context.SpringBootTestContextBootstrapper - Loaded default TestExecutionListener class names from location [META-INF/spring.factories]: [org.springframework.boot.test.autoconfigure.restdocs.RestDocsTestExecutionListener, org.springframework.boot.test.autoconfigure.web.client.MockRestServiceServerResetTestExecutionListener, org.springframework.boot.test.autoconfigure.web.servlet.MockMvcPrintOnlyOnFailureTestExecutionListener, org.springframework.boot.test.autoconfigure.web.servlet.WebDriverTestExecutionListener, org.springframework.boot.test.autoconfigure.webservices.client.MockWebServiceServerTestExecutionListener, org.springframework.boot.test.mock.mockito.MockitoTestExecutionListener, org.springframework.boot.test.mock.mockito.ResetMocksTestExecutionListener, org.springframework.test.context.web.ServletTestExecutionListener, org.springframework.test.context.support.DirtiesContextBeforeModesTestExecutionListener, org.springframework.test.context.support.DependencyInjectionTestExecutionListener, org.springframework.test.context.support.DirtiesContextTestExecutionListener, org.springframework.test.context.transaction.TransactionalTestExecutionListener, org.springframework.test.context.jdbc.SqlScriptsTestExecutionListener, org.springframework.test.context.event.EventPublishingTestExecutionListener]
20:28:58.294 [Test worker] INFO org.springframework.boot.test.context.SpringBootTestContextBootstrapper - Using TestExecutionListeners: [org.springframework.test.context.web.ServletTestExecutionListener@34ab79b3, org.springframework.test.context.support.DirtiesContextBeforeModesTestExecutionListener@2734f677, org.springframework.boot.test.mock.mockito.MockitoTestExecutionListener@51b14468, org.springframework.boot.test.autoconfigure.SpringBootDependencyInjectionTestExecutionListener@3ad399bc, org.springframework.test.context.support.DirtiesContextTestExecutionListener@55da09b4, org.springframework.test.context.transaction.TransactionalTestExecutionListener@555dda36, org.springframework.test.context.jdbc.SqlScriptsTestExecutionListener@e1456f1, org.springframework.test.context.event.EventPublishingTestExecutionListener@282c30f6, org.springframework.boot.test.autoconfigure.restdocs.RestDocsTestExecutionListener@2dbe0bee, org.springframework.boot.test.autoconfigure.web.client.MockRestServiceServerResetTestExecutionListener@1609e805, org.springframework.boot.test.autoconfigure.web.servlet.MockMvcPrintOnlyOnFailureTestExecutionListener@3a0697eb, org.springframework.boot.test.autoconfigure.web.servlet.WebDriverTestExecutionListener@73e4abdd, org.springframework.boot.test.autoconfigure.webservices.client.MockWebServiceServerTestExecutionListener@2ed82f34, org.springframework.boot.test.mock.mockito.ResetMocksTestExecutionListener@77c8a32a]
20:28:58.297 [Test worker] DEBUG org.springframework.test.context.support.AbstractDirtiesContextTestExecutionListener - Before test class: context [DefaultTestContext@56db5a63 testClass = ControllerTest, testInstance = [null], testMethod = [null], testException = [null], mergedContextConfiguration = [WebMergedContextConfiguration@243bba25 testClass = ControllerTest, locations = '{}', classes = '{class com.challenge.meli.MeliApplication}', contextInitializerClasses = '[]', activeProfiles = '{}', propertySourceLocations = '{}', propertySourceProperties = '{org.springframework.boot.test.context.SpringBootTestContextBootstrapper=true}', contextCustomizers = set[org.springframework.boot.test.autoconfigure.properties.PropertyMappingContextCustomizer@0, org.springframework.boot.test.autoconfigure.web.servlet.WebDriverContextCustomizerFactory$Customizer@1da594cf, org.springframework.boot.test.context.filter.ExcludeFilterContextCustomizer@1997afbc, org.springframework.boot.test.json.DuplicateJsonObjectContextCustomizerFactory$DuplicateJsonObjectContextCustomizer@3cbe0d25, org.springframework.boot.test.mock.mockito.MockitoContextCustomizer@0, org.springframework.boot.test.web.client.TestRestTemplateContextCustomizer@216ea2fd, org.springframework.boot.test.context.SpringBootTestArgs@1], resourceBasePath = 'src/main/webapp', contextLoader = 'org.springframework.boot.test.context.SpringBootContextLoader', parent = [null]], attributes = map['org.springframework.test.context.web.ServletTestExecutionListener.activateListener' -> true]], class annotated with @DirtiesContext [false] with mode [null].
20:28:58.315 [Test worker] DEBUG org.springframework.test.context.support.TestPropertySourceUtils - Adding inlined properties to environment: {spring.jmx.enabled=false, org.springframework.boot.test.context.SpringBootTestContextBootstrapper=true}

  .   ____          _            __ _ _
 /\\ / ___'_ __ _ _(_)_ __  __ _ \ \ \ \
( ( )\___ | '_ | '_| | '_ \/ _` | \ \ \ \
 \\/  ___)| |_)| | | | | || (_| |  ) ) ) )
  '  |____| .__|_| |_|_| |_\__, | / / / /
 =========|_|==============|___/=/_/_/_/
 :: Spring Boot ::        (v2.3.4.RELEASE)

2020-10-15 20:28:58.553  INFO 12552 --- [    Test worker] c.c.meli.controller.ControllerTest       : Starting ControllerTest on JulianHome with PID 12552 (started by julian in /home/julian/trabajosPracticos/meliChallenge/meli/meli/ChallengeML)
2020-10-15 20:28:58.554  INFO 12552 --- [    Test worker] c.c.meli.controller.ControllerTest       : No active profile set, falling back to default profiles: default
2020-10-15 20:28:58.974  INFO 12552 --- [    Test worker] .s.d.r.c.RepositoryConfigurationDelegate : Bootstrapping Spring Data JPA repositories in DEFERRED mode.
2020-10-15 20:28:59.019  INFO 12552 --- [    Test worker] .s.d.r.c.RepositoryConfigurationDelegate : Finished Spring Data repository scanning in 38ms. Found 1 JPA repository interfaces.
2020-10-15 20:28:59.447  INFO 12552 --- [    Test worker] o.s.s.concurrent.ThreadPoolTaskExecutor  : Initializing ExecutorService 'applicationTaskExecutor'
2020-10-15 20:28:59.463  INFO 12552 --- [    Test worker] com.zaxxer.hikari.HikariDataSource       : HikariPool-1 - Starting...
2020-10-15 20:28:59.514  INFO 12552 --- [    Test worker] com.zaxxer.hikari.pool.PoolBase          : HikariPool-1 - Driver does not support get/set network timeout for connections. (Method org.postgresql.jdbc.PgConnection.getNetworkTimeout() is not yet implemented.)
2020-10-15 20:28:59.527  INFO 12552 --- [    Test worker] com.zaxxer.hikari.HikariDataSource       : HikariPool-1 - Start completed.
2020-10-15 20:28:59.571  INFO 12552 --- [         task-1] o.hibernate.jpa.internal.util.LogHelper  : HHH000204: Processing PersistenceUnitInfo [name: default]
2020-10-15 20:28:59.651  INFO 12552 --- [         task-1] org.hibernate.Version                    : HHH000412: Hibernate ORM core version 5.4.21.Final
2020-10-15 20:28:59.755  INFO 12552 --- [         task-1] o.hibernate.annotations.common.Version   : HCANN000001: Hibernate Commons Annotations {5.1.0.Final}
2020-10-15 20:28:59.805  WARN 12552 --- [    Test worker] JpaBaseConfiguration$JpaWebConfiguration : spring.jpa.open-in-view is enabled by default. Therefore, database queries may be performed during view rendering. Explicitly configure spring.jpa.open-in-view to disable this warning
2020-10-15 20:28:59.843  INFO 12552 --- [         task-1] org.hibernate.dialect.Dialect            : HHH000400: Using dialect: org.hibernate.dialect.PostgreSQL94Dialect
2020-10-15 20:29:00.307  INFO 12552 --- [    Test worker] DeferredRepositoryInitializationListener : Triggering deferred initialization of Spring Data repositories…
2020-10-15 20:29:00.430  INFO 12552 --- [         task-1] o.h.e.t.j.p.i.JtaPlatformInitiator       : HHH000490: Using JtaPlatform implementation: [org.hibernate.engine.transaction.jta.platform.internal.NoJtaPlatform]
2020-10-15 20:29:00.438  INFO 12552 --- [         task-1] j.LocalContainerEntityManagerFactoryBean : Initialized JPA EntityManagerFactory for persistence unit 'default'
2020-10-15 20:29:00.603  INFO 12552 --- [    Test worker] DeferredRepositoryInitializationListener : Spring Data repositories initialized!
2020-10-15 20:29:00.610  INFO 12552 --- [    Test worker] c.c.meli.controller.ControllerTest       : Started ControllerTest in 2.29 seconds (JVM running for 3.193)
]]></system-out>
  <system-err><![CDATA[]]></system-err>
</testsuite>
