<?xml version="1.0" encoding="UTF-8"?>
<testsuite name="com.challenge.meli.modeltest.MutantsTest" tests="5" skipped="0" failures="0" errors="0" timestamp="2020-10-15T17:03:06" hostname="JulianHome" time="0.085">
  <properties/>
  <testcase name="constructorTest()" classname="com.challenge.meli.modeltest.MutantsTest" time="0.063"/>
  <testcase name="getSetIdTestNotEquals()" classname="com.challenge.meli.modeltest.MutantsTest" time="0.005"/>
  <testcase name="getSetDnaTest()" classname="com.challenge.meli.modeltest.MutantsTest" time="0.006"/>
  <testcase name="getSetIdTest()" classname="com.challenge.meli.modeltest.MutantsTest" time="0.003"/>
  <testcase name="getSetDnaTestNotEquals()" classname="com.challenge.meli.modeltest.MutantsTest" time="0.003"/>
  <system-out><![CDATA[14:03:01.607 [Test worker] DEBUG org.springframework.test.context.BootstrapUtils - Instantiating CacheAwareContextLoaderDelegate from class [org.springframework.test.context.cache.DefaultCacheAwareContextLoaderDelegate]
14:03:01.627 [Test worker] DEBUG org.springframework.test.context.BootstrapUtils - Instantiating BootstrapContext using constructor [public org.springframework.test.context.support.DefaultBootstrapContext(java.lang.Class,org.springframework.test.context.CacheAwareContextLoaderDelegate)]
14:03:01.668 [Test worker] DEBUG org.springframework.test.context.BootstrapUtils - Instantiating TestContextBootstrapper for test class [com.challenge.meli.modeltest.MutantsTest] from class [org.springframework.boot.test.context.SpringBootTestContextBootstrapper]
14:03:01.688 [Test worker] INFO org.springframework.boot.test.context.SpringBootTestContextBootstrapper - Neither @ContextConfiguration nor @ContextHierarchy found for test class [com.challenge.meli.modeltest.MutantsTest], using SpringBootContextLoader
14:03:01.694 [Test worker] DEBUG org.springframework.test.context.support.AbstractContextLoader - Did not detect default resource location for test class [com.challenge.meli.modeltest.MutantsTest]: class path resource [com/challenge/meli/modeltest/MutantsTest-context.xml] does not exist
14:03:01.694 [Test worker] DEBUG org.springframework.test.context.support.AbstractContextLoader - Did not detect default resource location for test class [com.challenge.meli.modeltest.MutantsTest]: class path resource [com/challenge/meli/modeltest/MutantsTestContext.groovy] does not exist
14:03:01.695 [Test worker] INFO org.springframework.test.context.support.AbstractContextLoader - Could not detect default resource locations for test class [com.challenge.meli.modeltest.MutantsTest]: no resource found for suffixes {-context.xml, Context.groovy}.
14:03:01.696 [Test worker] INFO org.springframework.test.context.support.AnnotationConfigContextLoaderUtils - Could not detect default configuration classes for test class [com.challenge.meli.modeltest.MutantsTest]: MutantsTest does not declare any static, non-private, non-final, nested classes annotated with @Configuration.
14:03:01.759 [Test worker] DEBUG org.springframework.test.context.support.ActiveProfilesUtils - Could not find an 'annotation declaring class' for annotation type [org.springframework.test.context.ActiveProfiles] and class [com.challenge.meli.modeltest.MutantsTest]
14:03:01.846 [Test worker] DEBUG org.springframework.context.annotation.ClassPathScanningCandidateComponentProvider - Identified candidate component class: file [/home/julian/trabajosPracticos/meliChallenge/meli/meli/ChallengeML/build/classes/java/main/com/challenge/meli/MeliApplication.class]
14:03:01.849 [Test worker] INFO org.springframework.boot.test.context.SpringBootTestContextBootstrapper - Found @SpringBootConfiguration com.challenge.meli.MeliApplication for test class com.challenge.meli.modeltest.MutantsTest
14:03:01.966 [Test worker] DEBUG org.springframework.boot.test.context.SpringBootTestContextBootstrapper - @TestExecutionListeners is not present for class [com.challenge.meli.modeltest.MutantsTest]: using defaults.
14:03:01.967 [Test worker] INFO org.springframework.boot.test.context.SpringBootTestContextBootstrapper - Loaded default TestExecutionListener class names from location [META-INF/spring.factories]: [org.springframework.boot.test.autoconfigure.restdocs.RestDocsTestExecutionListener, org.springframework.boot.test.autoconfigure.web.client.MockRestServiceServerResetTestExecutionListener, org.springframework.boot.test.autoconfigure.web.servlet.MockMvcPrintOnlyOnFailureTestExecutionListener, org.springframework.boot.test.autoconfigure.web.servlet.WebDriverTestExecutionListener, org.springframework.boot.test.autoconfigure.webservices.client.MockWebServiceServerTestExecutionListener, org.springframework.boot.test.mock.mockito.MockitoTestExecutionListener, org.springframework.boot.test.mock.mockito.ResetMocksTestExecutionListener, org.springframework.test.context.web.ServletTestExecutionListener, org.springframework.test.context.support.DirtiesContextBeforeModesTestExecutionListener, org.springframework.test.context.support.DependencyInjectionTestExecutionListener, org.springframework.test.context.support.DirtiesContextTestExecutionListener, org.springframework.test.context.transaction.TransactionalTestExecutionListener, org.springframework.test.context.jdbc.SqlScriptsTestExecutionListener, org.springframework.test.context.event.EventPublishingTestExecutionListener]
14:03:01.986 [Test worker] INFO org.springframework.boot.test.context.SpringBootTestContextBootstrapper - Using TestExecutionListeners: [org.springframework.test.context.web.ServletTestExecutionListener@64a232cc, org.springframework.test.context.support.DirtiesContextBeforeModesTestExecutionListener@47f193cb, org.springframework.boot.test.mock.mockito.MockitoTestExecutionListener@3e9068ab, org.springframework.boot.test.autoconfigure.SpringBootDependencyInjectionTestExecutionListener@3d21ee0b, org.springframework.test.context.support.DirtiesContextTestExecutionListener@48609f31, org.springframework.test.context.transaction.TransactionalTestExecutionListener@344223d, org.springframework.test.context.jdbc.SqlScriptsTestExecutionListener@3eacd7ce, org.springframework.test.context.event.EventPublishingTestExecutionListener@c4f27a6, org.springframework.boot.test.autoconfigure.restdocs.RestDocsTestExecutionListener@401aa809, org.springframework.boot.test.autoconfigure.web.client.MockRestServiceServerResetTestExecutionListener@62ed2ffd, org.springframework.boot.test.autoconfigure.web.servlet.MockMvcPrintOnlyOnFailureTestExecutionListener@3a2796c9, org.springframework.boot.test.autoconfigure.web.servlet.WebDriverTestExecutionListener@4f20e43c, org.springframework.boot.test.autoconfigure.webservices.client.MockWebServiceServerTestExecutionListener@5a6f4731, org.springframework.boot.test.mock.mockito.ResetMocksTestExecutionListener@51f60946]
14:03:01.990 [Test worker] DEBUG org.springframework.test.context.support.AbstractDirtiesContextTestExecutionListener - Before test class: context [DefaultTestContext@34f4a19e testClass = MutantsTest, testInstance = [null], testMethod = [null], testException = [null], mergedContextConfiguration = [WebMergedContextConfiguration@464a520b testClass = MutantsTest, locations = '{}', classes = '{class com.challenge.meli.MeliApplication}', contextInitializerClasses = '[]', activeProfiles = '{}', propertySourceLocations = '{}', propertySourceProperties = '{org.springframework.boot.test.context.SpringBootTestContextBootstrapper=true}', contextCustomizers = set[org.springframework.boot.test.autoconfigure.properties.PropertyMappingContextCustomizer@0, org.springframework.boot.test.autoconfigure.web.servlet.WebDriverContextCustomizerFactory$Customizer@446b35e0, org.springframework.boot.test.context.filter.ExcludeFilterContextCustomizer@776629d8, org.springframework.boot.test.json.DuplicateJsonObjectContextCustomizerFactory$DuplicateJsonObjectContextCustomizer@db1e2c8, org.springframework.boot.test.mock.mockito.MockitoContextCustomizer@0, org.springframework.boot.test.web.client.TestRestTemplateContextCustomizer@7537cb42, org.springframework.boot.test.context.SpringBootTestArgs@1], resourceBasePath = 'src/main/webapp', contextLoader = 'org.springframework.boot.test.context.SpringBootContextLoader', parent = [null]], attributes = map['org.springframework.test.context.web.ServletTestExecutionListener.activateListener' -> true]], class annotated with @DirtiesContext [false] with mode [null].
14:03:02.020 [Test worker] DEBUG org.springframework.test.context.support.TestPropertySourceUtils - Adding inlined properties to environment: {spring.jmx.enabled=false, org.springframework.boot.test.context.SpringBootTestContextBootstrapper=true}

  .   ____          _            __ _ _
 /\\ / ___'_ __ _ _(_)_ __  __ _ \ \ \ \
( ( )\___ | '_ | '_| | '_ \/ _` | \ \ \ \
 \\/  ___)| |_)| | | | | || (_| |  ) ) ) )
  '  |____| .__|_| |_|_| |_\__, | / / / /
 =========|_|==============|___/=/_/_/_/
 :: Spring Boot ::        (v2.3.4.RELEASE)

2020-10-15 14:03:02.418  INFO 10412 --- [    Test worker] c.challenge.meli.modeltest.MutantsTest   : Starting MutantsTest on JulianHome with PID 10412 (started by julian in /home/julian/trabajosPracticos/meliChallenge/meli/meli/ChallengeML)
2020-10-15 14:03:02.420  INFO 10412 --- [    Test worker] c.challenge.meli.modeltest.MutantsTest   : No active profile set, falling back to default profiles: default
2020-10-15 14:03:03.261  INFO 10412 --- [    Test worker] .s.d.r.c.RepositoryConfigurationDelegate : Bootstrapping Spring Data JPA repositories in DEFERRED mode.
2020-10-15 14:03:03.334  INFO 10412 --- [    Test worker] .s.d.r.c.RepositoryConfigurationDelegate : Finished Spring Data repository scanning in 62ms. Found 1 JPA repository interfaces.
2020-10-15 14:03:04.087  INFO 10412 --- [    Test worker] o.s.s.concurrent.ThreadPoolTaskExecutor  : Initializing ExecutorService 'applicationTaskExecutor'
2020-10-15 14:03:04.105  INFO 10412 --- [    Test worker] com.zaxxer.hikari.HikariDataSource       : HikariPool-1 - Starting...
2020-10-15 14:03:04.177  INFO 10412 --- [    Test worker] com.zaxxer.hikari.pool.PoolBase          : HikariPool-1 - Driver does not support get/set network timeout for connections. (Method org.postgresql.jdbc.PgConnection.getNetworkTimeout() is not yet implemented.)
2020-10-15 14:03:04.199  INFO 10412 --- [    Test worker] com.zaxxer.hikari.HikariDataSource       : HikariPool-1 - Start completed.
2020-10-15 14:03:04.277  INFO 10412 --- [         task-1] o.hibernate.jpa.internal.util.LogHelper  : HHH000204: Processing PersistenceUnitInfo [name: default]
2020-10-15 14:03:04.356  INFO 10412 --- [         task-1] org.hibernate.Version                    : HHH000412: Hibernate ORM core version 5.4.21.Final
2020-10-15 14:03:04.508  WARN 10412 --- [    Test worker] JpaBaseConfiguration$JpaWebConfiguration : spring.jpa.open-in-view is enabled by default. Therefore, database queries may be performed during view rendering. Explicitly configure spring.jpa.open-in-view to disable this warning
2020-10-15 14:03:04.557  INFO 10412 --- [         task-1] o.hibernate.annotations.common.Version   : HCANN000001: Hibernate Commons Annotations {5.1.0.Final}
2020-10-15 14:03:04.751  INFO 10412 --- [         task-1] org.hibernate.dialect.Dialect            : HHH000400: Using dialect: org.hibernate.dialect.PostgreSQL94Dialect
2020-10-15 14:03:05.219  INFO 10412 --- [    Test worker] DeferredRepositoryInitializationListener : Triggering deferred initialization of Spring Data repositories…
2020-10-15 14:03:05.617  INFO 10412 --- [         task-1] o.h.e.t.j.p.i.JtaPlatformInitiator       : HHH000490: Using JtaPlatform implementation: [org.hibernate.engine.transaction.jta.platform.internal.NoJtaPlatform]
2020-10-15 14:03:05.624  INFO 10412 --- [         task-1] j.LocalContainerEntityManagerFactoryBean : Initialized JPA EntityManagerFactory for persistence unit 'default'
2020-10-15 14:03:06.030  INFO 10412 --- [    Test worker] DeferredRepositoryInitializationListener : Spring Data repositories initialized!
2020-10-15 14:03:06.040  INFO 10412 --- [    Test worker] c.challenge.meli.modeltest.MutantsTest   : Started MutantsTest in 4.007 seconds (JVM running for 5.259)
]]></system-out>
  <system-err><![CDATA[]]></system-err>
</testsuite>
