<?xml version="1.0" encoding="UTF-8"?>
<testsuite name="com.challenge.meli.MeliApplicationTests" tests="1" skipped="0" failures="0" errors="0" timestamp="2020-10-16T14:11:21" hostname="JulianHome" time="0.05">
  <properties/>
  <testcase name="contextLoads()" classname="com.challenge.meli.MeliApplicationTests" time="0.05"/>
  <system-out><![CDATA[11:11:17.563 [Test worker] DEBUG org.springframework.test.context.BootstrapUtils - Instantiating CacheAwareContextLoaderDelegate from class [org.springframework.test.context.cache.DefaultCacheAwareContextLoaderDelegate]
11:11:17.582 [Test worker] DEBUG org.springframework.test.context.BootstrapUtils - Instantiating BootstrapContext using constructor [public org.springframework.test.context.support.DefaultBootstrapContext(java.lang.Class,org.springframework.test.context.CacheAwareContextLoaderDelegate)]
11:11:17.618 [Test worker] DEBUG org.springframework.test.context.BootstrapUtils - Instantiating TestContextBootstrapper for test class [com.challenge.meli.MeliApplicationTests] from class [org.springframework.boot.test.context.SpringBootTestContextBootstrapper]
11:11:17.636 [Test worker] INFO org.springframework.boot.test.context.SpringBootTestContextBootstrapper - Neither @ContextConfiguration nor @ContextHierarchy found for test class [com.challenge.meli.MeliApplicationTests], using SpringBootContextLoader
11:11:17.642 [Test worker] DEBUG org.springframework.test.context.support.AbstractContextLoader - Did not detect default resource location for test class [com.challenge.meli.MeliApplicationTests]: class path resource [com/challenge/meli/MeliApplicationTests-context.xml] does not exist
11:11:17.642 [Test worker] DEBUG org.springframework.test.context.support.AbstractContextLoader - Did not detect default resource location for test class [com.challenge.meli.MeliApplicationTests]: class path resource [com/challenge/meli/MeliApplicationTestsContext.groovy] does not exist
11:11:17.642 [Test worker] INFO org.springframework.test.context.support.AbstractContextLoader - Could not detect default resource locations for test class [com.challenge.meli.MeliApplicationTests]: no resource found for suffixes {-context.xml, Context.groovy}.
11:11:17.643 [Test worker] INFO org.springframework.test.context.support.AnnotationConfigContextLoaderUtils - Could not detect default configuration classes for test class [com.challenge.meli.MeliApplicationTests]: MeliApplicationTests does not declare any static, non-private, non-final, nested classes annotated with @Configuration.
11:11:17.694 [Test worker] DEBUG org.springframework.test.context.support.ActiveProfilesUtils - Could not find an 'annotation declaring class' for annotation type [org.springframework.test.context.ActiveProfiles] and class [com.challenge.meli.MeliApplicationTests]
11:11:17.767 [Test worker] DEBUG org.springframework.context.annotation.ClassPathScanningCandidateComponentProvider - Identified candidate component class: file [/home/julian/trabajosPracticos/meliChallenge/meli/meli/ChallengeML/build/classes/java/main/com/challenge/meli/MeliApplication.class]
11:11:17.768 [Test worker] INFO org.springframework.boot.test.context.SpringBootTestContextBootstrapper - Found @SpringBootConfiguration com.challenge.meli.MeliApplication for test class com.challenge.meli.MeliApplicationTests
11:11:17.877 [Test worker] DEBUG org.springframework.boot.test.context.SpringBootTestContextBootstrapper - @TestExecutionListeners is not present for class [com.challenge.meli.MeliApplicationTests]: using defaults.
11:11:17.877 [Test worker] INFO org.springframework.boot.test.context.SpringBootTestContextBootstrapper - Loaded default TestExecutionListener class names from location [META-INF/spring.factories]: [org.springframework.boot.test.autoconfigure.restdocs.RestDocsTestExecutionListener, org.springframework.boot.test.autoconfigure.web.client.MockRestServiceServerResetTestExecutionListener, org.springframework.boot.test.autoconfigure.web.servlet.MockMvcPrintOnlyOnFailureTestExecutionListener, org.springframework.boot.test.autoconfigure.web.servlet.WebDriverTestExecutionListener, org.springframework.boot.test.autoconfigure.webservices.client.MockWebServiceServerTestExecutionListener, org.springframework.boot.test.mock.mockito.MockitoTestExecutionListener, org.springframework.boot.test.mock.mockito.ResetMocksTestExecutionListener, org.springframework.test.context.web.ServletTestExecutionListener, org.springframework.test.context.support.DirtiesContextBeforeModesTestExecutionListener, org.springframework.test.context.support.DependencyInjectionTestExecutionListener, org.springframework.test.context.support.DirtiesContextTestExecutionListener, org.springframework.test.context.transaction.TransactionalTestExecutionListener, org.springframework.test.context.jdbc.SqlScriptsTestExecutionListener, org.springframework.test.context.event.EventPublishingTestExecutionListener]
11:11:17.895 [Test worker] INFO org.springframework.boot.test.context.SpringBootTestContextBootstrapper - Using TestExecutionListeners: [org.springframework.test.context.web.ServletTestExecutionListener@45cf679, org.springframework.test.context.support.DirtiesContextBeforeModesTestExecutionListener@12c9e55d, org.springframework.boot.test.mock.mockito.MockitoTestExecutionListener@ee73336, org.springframework.boot.test.autoconfigure.SpringBootDependencyInjectionTestExecutionListener@74565a29, org.springframework.test.context.support.DirtiesContextTestExecutionListener@175a95e4, org.springframework.test.context.transaction.TransactionalTestExecutionListener@4a64795f, org.springframework.test.context.jdbc.SqlScriptsTestExecutionListener@7d2d9da6, org.springframework.test.context.event.EventPublishingTestExecutionListener@3bec1738, org.springframework.boot.test.autoconfigure.restdocs.RestDocsTestExecutionListener@78da4014, org.springframework.boot.test.autoconfigure.web.client.MockRestServiceServerResetTestExecutionListener@119d60d1, org.springframework.boot.test.autoconfigure.web.servlet.MockMvcPrintOnlyOnFailureTestExecutionListener@cc1fe9, org.springframework.boot.test.autoconfigure.web.servlet.WebDriverTestExecutionListener@5b429d1f, org.springframework.boot.test.autoconfigure.webservices.client.MockWebServiceServerTestExecutionListener@7132bc83, org.springframework.boot.test.mock.mockito.ResetMocksTestExecutionListener@bd3c19c]
11:11:17.899 [Test worker] DEBUG org.springframework.test.context.support.AbstractDirtiesContextTestExecutionListener - Before test class: context [DefaultTestContext@5c9b8493 testClass = MeliApplicationTests, testInstance = [null], testMethod = [null], testException = [null], mergedContextConfiguration = [WebMergedContextConfiguration@234f8029 testClass = MeliApplicationTests, locations = '{}', classes = '{class com.challenge.meli.MeliApplication}', contextInitializerClasses = '[]', activeProfiles = '{}', propertySourceLocations = '{}', propertySourceProperties = '{org.springframework.boot.test.context.SpringBootTestContextBootstrapper=true}', contextCustomizers = set[org.springframework.boot.test.autoconfigure.properties.PropertyMappingContextCustomizer@0, org.springframework.boot.test.autoconfigure.web.servlet.WebDriverContextCustomizerFactory$Customizer@4e3b95ce, org.springframework.boot.test.context.filter.ExcludeFilterContextCustomizer@640e5d2a, org.springframework.boot.test.json.DuplicateJsonObjectContextCustomizerFactory$DuplicateJsonObjectContextCustomizer@55390e8, org.springframework.boot.test.mock.mockito.MockitoContextCustomizer@0, org.springframework.boot.test.web.client.TestRestTemplateContextCustomizer@4cea8f6d, org.springframework.boot.test.context.SpringBootTestArgs@1], resourceBasePath = 'src/main/webapp', contextLoader = 'org.springframework.boot.test.context.SpringBootContextLoader', parent = [null]], attributes = map['org.springframework.test.context.web.ServletTestExecutionListener.activateListener' -> true]], class annotated with @DirtiesContext [false] with mode [null].
11:11:17.934 [Test worker] DEBUG org.springframework.test.context.support.TestPropertySourceUtils - Adding inlined properties to environment: {spring.jmx.enabled=false, org.springframework.boot.test.context.SpringBootTestContextBootstrapper=true}

  .   ____          _            __ _ _
 /\\ / ___'_ __ _ _(_)_ __  __ _ \ \ \ \
( ( )\___ | '_ | '_| | '_ \/ _` | \ \ \ \
 \\/  ___)| |_)| | | | | || (_| |  ) ) ) )
  '  |____| .__|_| |_|_| |_\__, | / / / /
 =========|_|==============|___/=/_/_/_/
 :: Spring Boot ::        (v2.3.4.RELEASE)

2020-10-16 11:11:18.381  INFO 3489 --- [    Test worker] com.challenge.meli.MeliApplicationTests  : Starting MeliApplicationTests on JulianHome with PID 3489 (started by julian in /home/julian/trabajosPracticos/meliChallenge/meli/meli/ChallengeML)
2020-10-16 11:11:18.382  INFO 3489 --- [    Test worker] com.challenge.meli.MeliApplicationTests  : No active profile set, falling back to default profiles: default
2020-10-16 11:11:19.150  INFO 3489 --- [    Test worker] .s.d.r.c.RepositoryConfigurationDelegate : Bootstrapping Spring Data JPA repositories in DEFERRED mode.
2020-10-16 11:11:19.224  INFO 3489 --- [    Test worker] .s.d.r.c.RepositoryConfigurationDelegate : Finished Spring Data repository scanning in 62ms. Found 1 JPA repository interfaces.
2020-10-16 11:11:19.917  INFO 3489 --- [    Test worker] o.s.s.concurrent.ThreadPoolTaskExecutor  : Initializing ExecutorService 'applicationTaskExecutor'
2020-10-16 11:11:19.936  INFO 3489 --- [    Test worker] com.zaxxer.hikari.HikariDataSource       : HikariPool-1 - Starting...
2020-10-16 11:11:20.005  INFO 3489 --- [    Test worker] com.zaxxer.hikari.pool.PoolBase          : HikariPool-1 - Driver does not support get/set network timeout for connections. (Method org.postgresql.jdbc.PgConnection.getNetworkTimeout() is not yet implemented.)
2020-10-16 11:11:20.027  INFO 3489 --- [    Test worker] com.zaxxer.hikari.HikariDataSource       : HikariPool-1 - Start completed.
2020-10-16 11:11:20.108  INFO 3489 --- [         task-1] o.hibernate.jpa.internal.util.LogHelper  : HHH000204: Processing PersistenceUnitInfo [name: default]
2020-10-16 11:11:20.185  INFO 3489 --- [         task-1] org.hibernate.Version                    : HHH000412: Hibernate ORM core version 5.4.21.Final
2020-10-16 11:11:20.368  WARN 3489 --- [    Test worker] JpaBaseConfiguration$JpaWebConfiguration : spring.jpa.open-in-view is enabled by default. Therefore, database queries may be performed during view rendering. Explicitly configure spring.jpa.open-in-view to disable this warning
2020-10-16 11:11:20.385  INFO 3489 --- [         task-1] o.hibernate.annotations.common.Version   : HCANN000001: Hibernate Commons Annotations {5.1.0.Final}
2020-10-16 11:11:20.572  INFO 3489 --- [         task-1] org.hibernate.dialect.Dialect            : HHH000400: Using dialect: org.hibernate.dialect.PostgreSQL94Dialect
2020-10-16 11:11:21.021  INFO 3489 --- [    Test worker] DeferredRepositoryInitializationListener : Triggering deferred initialization of Spring Data repositories…
2020-10-16 11:11:21.450  INFO 3489 --- [         task-1] o.h.e.t.j.p.i.JtaPlatformInitiator       : HHH000490: Using JtaPlatform implementation: [org.hibernate.engine.transaction.jta.platform.internal.NoJtaPlatform]
2020-10-16 11:11:21.457  INFO 3489 --- [         task-1] j.LocalContainerEntityManagerFactoryBean : Initialized JPA EntityManagerFactory for persistence unit 'default'
2020-10-16 11:11:21.871  INFO 3489 --- [    Test worker] DeferredRepositoryInitializationListener : Spring Data repositories initialized!
2020-10-16 11:11:21.880  INFO 3489 --- [    Test worker] com.challenge.meli.MeliApplicationTests  : Started MeliApplicationTests in 3.931 seconds (JVM running for 5.123)
]]></system-out>
  <system-err><![CDATA[]]></system-err>
</testsuite>
